This is pdfTeX, Version 3.14159265-2.6-1.40.19 (MiKTeX 2.9.6700) (preloaded format=latex 2018.10.16)  5 NOV 2018 15:30
entering extended mode
**./karnaugh_def.tex
(karnaugh_def.tex
LaTeX2e <2018-04-01> patch level 5
! Undefined control sequence.
l.1 \usetikzlibrary
                   {matrix,calc}
The control sequence at the end of the top line
of your error message was never \def'ed. If you have
misspelled it (e.g., `\hobx'), type `I' and the correct
spelling (e.g., `I\hbox'). Otherwise just continue,
and I'll forget about whatever was undefined.


! LaTeX Error: Missing \begin{document}.

See the LaTeX manual or LaTeX Companion for explanation.
Type  H <return>  for immediate help.
 ...                                              
                                                  
l.1 \usetikzlibrary{m
                     atrix,calc}
You're in trouble here.  Try typing  <return>  to proceed.
If that doesn't work, type  X <return>  to quit.

Missing character: There is no m in font nullfont!
Missing character: There is no a in font nullfont!
Missing character: There is no t in font nullfont!
Missing character: There is no r in font nullfont!
Missing character: There is no i in font nullfont!
Missing character: There is no x in font nullfont!
Missing character: There is no , in font nullfont!
Missing character: There is no c in font nullfont!
Missing character: There is no a in font nullfont!
Missing character: There is no l in font nullfont!
Missing character: There is no c in font nullfont!

Overfull \hbox (20.0pt too wide) in paragraph at lines 1--2
[] 
 []

)
! Emergency stop.
<*> ./karnaugh_def.tex
                      
*** (job aborted, no legal \end found)

 
Here is how much of TeX's memory you used:
 30 strings out of 492974
 495 string characters out of 3133317
 59839 words of memory out of 3000000
 4001 multiletter control sequences out of 15000+200000
 3640 words of font info for 14 fonts, out of 3000000 for 9000
 1141 hyphenation exceptions out of 8191
 8i,0n,11p,235b,16s stack positions out of 5000i,500n,10000p,200000b,50000s
No pages of output.
