Removed Pin From Net: NetName=S Pin=74HC00-1
Removed Pin From Net: NetName=S Pin=74HC00-2
Removed Pin From Net: NetName=nS Pin=74HC00-3
Removed Pin From Net: NetName=nS Pin=74HC00-4
Removed Pin From Net: NetName=I Pin=74HC00-5
Removed Pin From Net: NetName=VCC Pin=74HC107-8
Removed Pin From Net: NetName=y Pin=74HC107-9
Removed Pin From Net: NetName=VCC Pin=74HC107-10
Removed Pin From Net: NetName=VCC Pin=74HC107-11
Added Pin To Net: NetName=nS Pin=74HC00-8
Added Pin To Net: NetName=S Pin=74HC00-9
Added Pin To Net: NetName=S Pin=74HC00-10
Added Pin To Net: NetName=nS Pin=74HC00-12
Added Pin To Net: NetName=I Pin=74HC00-13
Added Pin To Net: NetName=VCC Pin=74HC107-1
Added Pin To Net: NetName=VCC Pin=74HC107-4
Added Pin To Net: NetName=y Pin=74HC107-12
Added Pin To Net: NetName=VCC Pin=74HC107-13
Added Pin To Net: NetName=Net74HC00_11 Pin=74HC00-11
Added Pin To Net: NetName=Net74HC00_11 Pin=74HC74-12
Added Net: Name=Net74HC00_11
Added Pin To Net: NetName=Net74HC107_2 Pin=74HC107-2
Added Pin To Net: NetName=Net74HC107_2 Pin=74HC157-5
Added Net: Name=Net74HC107_2
Added Pin To Net: NetName=Net74HC107_3 Pin=74HC107-3
Added Pin To Net: NetName=Net74HC107_3 Pin=74HC157-2
Added Net: Name=Net74HC107_3
Added Room: Name=Esquematico
