Added Component: Designator=0.01u(CAP200)
Add component. Clean all parameters for all variants
Added Component: Designator=74HC00(N014)
Add component. Clean all parameters for all variants
Add component (AddParameter): Name = "ComponentLink1Description"; Value = "Manufacturer Link"; VariantName = "[No Variations]"
Add component (AddParameter): Name = "ComponentLink1URL"; Value = "http://www.ti.com/"; VariantName = "[No Variations]"
Add component (AddParameter): Name = "ComponentLink2Description"; Value = "Datasheet"; VariantName = "[No Variations]"
Add component (AddParameter): Name = "ComponentLink2URL"; Value = "http://www-s.ti.com/sc/ds/sn74ahc00.pdf"; VariantName = "[No Variations]"
Add component (AddParameter): Name = "ComponentLink3Description"; Value = "Packaging Specification"; VariantName = "[No Variations]"
Add component (AddParameter): Name = "ComponentLink3URL"; Value = "http://focus.ti.com/lit/ml/mpdi002c/mpdi002c.pdf"; VariantName = "[No Variations]"
Add component (AddParameter): Name = "DatasheetVersion"; Value = "Jun-1998"; VariantName = "[No Variations]"
Add component (AddParameter): Name = "LatestRevisionDate"; Value = "04-Mar-2005"; VariantName = "[No Variations]"
Add component (AddParameter): Name = "LatestRevisionNote"; Value = "Stylized 3D Model Added."; VariantName = "[No Variations]"
Add component (AddParameter): Name = "PackageDescription"; Value = "DIP; 14 Leads; Row Spacing 7.62 mm; Pitch 2.54 mm"; VariantName = "[No Variations]"
Add component (AddParameter): Name = "PackageReference"; Value = "N014"; VariantName = "[No Variations]"
Add component (AddParameter): Name = "PackageVersion"; Value = "Oct-1995"; VariantName = "[No Variations]"
Add component (AddParameter): Name = "Published"; Value = "8-Jun-2000"; VariantName = "[No Variations]"
Add component (AddParameter): Name = "Publisher"; Value = "Altium Limited"; VariantName = "[No Variations]"
Added Component: Designator=74HC74(N014)
Add component. Clean all parameters for all variants
Add component (AddParameter): Name = "ComponentLink1Description"; Value = "Manufacturer Link"; VariantName = "[No Variations]"
Add component (AddParameter): Name = "ComponentLink1URL"; Value = "http://www.ti.com/"; VariantName = "[No Variations]"
Add component (AddParameter): Name = "ComponentLink2Description"; Value = "Datasheet"; VariantName = "[No Variations]"
Add component (AddParameter): Name = "ComponentLink2URL"; Value = "http://www-s.ti.com/sc/ds/sn74ahct74.pdf"; VariantName = "[No Variations]"
Add component (AddParameter): Name = "DatasheetVersion"; Value = "Oct-1998"; VariantName = "[No Variations]"
Add component (AddParameter): Name = "LatestRevisionDate"; Value = "04-Mar-2005"; VariantName = "[No Variations]"
Add component (AddParameter): Name = "LatestRevisionNote"; Value = "Stylized 3D Model Added."; VariantName = "[No Variations]"
Add component (AddParameter): Name = "PackageDescription"; Value = "DIP; 14 Leads; Row Spacing 7.62 mm; Pitch 2.54 mm"; VariantName = "[No Variations]"
Add component (AddParameter): Name = "PackageReference"; Value = "N014"; VariantName = "[No Variations]"
Add component (AddParameter): Name = "PackageVersion"; Value = "Oct-1995"; VariantName = "[No Variations]"
Add component (AddParameter): Name = "Published"; Value = "8-Jun-2000"; VariantName = "[No Variations]"
Add component (AddParameter): Name = "Publisher"; Value = "Altium Limited"; VariantName = "[No Variations]"
Added Component: Designator=74HC107(N014D)
Add component. Clean all parameters for all variants
Add component (AddParameter): Name = "ComponentLink1Description"; Value = "Manufacturer Link"; VariantName = "[No Variations]"
Add component (AddParameter): Name = "ComponentLink1URL"; Value = "http://www.ti.com/"; VariantName = "[No Variations]"
Add component (AddParameter): Name = "DatasheetVersion"; Value = "Jun-1989"; VariantName = "[No Variations]"
Add component (AddParameter): Name = "LatestRevisionDate"; Value = "04-Mar-2005"; VariantName = "[No Variations]"
Add component (AddParameter): Name = "LatestRevisionNote"; Value = "Stylized 3D Model Added."; VariantName = "[No Variations]"
Add component (AddParameter): Name = "PackageDescription"; Value = "DIP; 14 Leads; Row Spacing 7.62 mm; Pitch 2.54 mm"; VariantName = "[No Variations]"
Add component (AddParameter): Name = "PackageReference"; Value = "N014D"; VariantName = "[No Variations]"
Add component (AddParameter): Name = "PackageVersion"; Value = "Oct-1995"; VariantName = "[No Variations]"
Add component (AddParameter): Name = "Published"; Value = "8-Jun-2000"; VariantName = "[No Variations]"
Add component (AddParameter): Name = "Publisher"; Value = "Altium Limited"; VariantName = "[No Variations]"
Added Component: Designator=74HC157(J016)
Add component. Clean all parameters for all variants
Add component (AddParameter): Name = "ComponentLink1Description"; Value = "Manufacturer Link"; VariantName = "[No Variations]"
Add component (AddParameter): Name = "ComponentLink1URL"; Value = "http://www.ti.com/"; VariantName = "[No Variations]"
Add component (AddParameter): Name = "ComponentLink2Description"; Value = "Datasheet"; VariantName = "[No Variations]"
Add component (AddParameter): Name = "ComponentLink2URL"; Value = "http://www-s.ti.com/sc/ds/sn74hc157.pdf"; VariantName = "[No Variations]"
Add component (AddParameter): Name = "DatasheetVersion"; Value = "May-1997"; VariantName = "[No Variations]"
Add component (AddParameter): Name = "LatestRevisionDate"; Value = "04-Mar-2005"; VariantName = "[No Variations]"
Add component (AddParameter): Name = "LatestRevisionNote"; Value = "Stylized 3D Model Added."; VariantName = "[No Variations]"
Add component (AddParameter): Name = "PackageDescription"; Value = "DIP; 16 Leads; Row Spacing 7.62 mm; Pitch 2.54 mm"; VariantName = "[No Variations]"
Add component (AddParameter): Name = "PackageReference"; Value = "J016"; VariantName = "[No Variations]"
Add component (AddParameter): Name = "PackageVersion"; Value = "Jun-1999"; VariantName = "[No Variations]"
Add component (AddParameter): Name = "Published"; Value = "8-Jun-2000"; VariantName = "[No Variations]"
Add component (AddParameter): Name = "Publisher"; Value = "Altium Limited"; VariantName = "[No Variations]"
Added Component: Designator=C_Clk(CAP200)
Add component. Clean all parameters for all variants
Added Component: Designator=CD1(CAP200)
Add component. Clean all parameters for all variants
Added Component: Designator=CD2(CAP200)
Add component. Clean all parameters for all variants
Added Component: Designator=CD3(CAP200)
Add component. Clean all parameters for all variants
Added Component: Designator=CD4(CAP200)
Add component. Clean all parameters for all variants
Added Component: Designator=D1(LED3)
Add component. Clean all parameters for all variants
Added Component: Designator=D2(LED3)
Add component. Clean all parameters for all variants
Added Component: Designator=INPUT(SIP2)
Add component. Clean all parameters for all variants
Added Component: Designator=LM555(DIP8)
Add component. Clean all parameters for all variants
Added Component: Designator=POWER(MOLEX2)
Add component. Clean all parameters for all variants
Added Component: Designator=R1Clk(RES400)
Add component. Clean all parameters for all variants
Added Component: Designator=R1(RES400)
Add component. Clean all parameters for all variants
Added Component: Designator=R2Clk(RES400)
Add component. Clean all parameters for all variants
Added Component: Designator=R2(RES400)
Add component. Clean all parameters for all variants
Added Pin To Net: NetName=Clk Pin=LM555-3
Added Net: Name=Clk
Added Pin To Net: NetName=GND Pin=0.01u-2
Added Pin To Net: NetName=GND Pin=74HC00-7
Added Pin To Net: NetName=GND Pin=74HC74-7
Added Pin To Net: NetName=GND Pin=74HC107-7
Added Pin To Net: NetName=GND Pin=74HC157-8
Added Pin To Net: NetName=GND Pin=74HC157-15
Added Pin To Net: NetName=GND Pin=C_Clk-2
Added Pin To Net: NetName=GND Pin=CD1-2
Added Pin To Net: NetName=GND Pin=CD2-2
Added Pin To Net: NetName=GND Pin=CD3-2
Added Pin To Net: NetName=GND Pin=CD4-2
Added Pin To Net: NetName=GND Pin=D1-2
Added Pin To Net: NetName=GND Pin=D2-2
Added Pin To Net: NetName=GND Pin=LM555-1
Added Pin To Net: NetName=GND Pin=POWER-1
Added Net: Name=GND
Added Pin To Net: NetName=I Pin=74HC00-5
Added Pin To Net: NetName=I Pin=INPUT-1
Added Net: Name=I
Added Pin To Net: NetName=Net0.01u_1 Pin=0.01u-1
Added Pin To Net: NetName=Net0.01u_1 Pin=LM555-5
Added Net: Name=Net0.01u_1
Added Pin To Net: NetName=Net74HC00_6 Pin=74HC00-6
Added Pin To Net: NetName=Net74HC00_6 Pin=74HC74-2
Added Net: Name=Net74HC00_6
Added Pin To Net: NetName=Net74HC107_2 Pin=74HC107-2
Added Pin To Net: NetName=Net74HC107_2 Pin=74HC157-5
Added Net: Name=Net74HC107_2
Added Pin To Net: NetName=Net74HC107_3 Pin=74HC107-3
Added Pin To Net: NetName=Net74HC107_3 Pin=74HC157-2
Added Net: Name=Net74HC107_3
Added Pin To Net: NetName=Net74HC157_4 Pin=74HC157-4
Added Pin To Net: NetName=Net74HC157_4 Pin=R1-1
Added Net: Name=Net74HC157_4
Added Pin To Net: NetName=Net74HC157_7 Pin=74HC157-7
Added Pin To Net: NetName=Net74HC157_7 Pin=R2-1
Added Net: Name=Net74HC157_7
Added Pin To Net: NetName=NetC_Clk_1 Pin=C_Clk-1
Added Pin To Net: NetName=NetC_Clk_1 Pin=LM555-2
Added Pin To Net: NetName=NetC_Clk_1 Pin=LM555-6
Added Pin To Net: NetName=NetC_Clk_1 Pin=R2Clk-1
Added Net: Name=NetC_Clk_1
Added Pin To Net: NetName=NetD1_1 Pin=D1-1
Added Pin To Net: NetName=NetD1_1 Pin=R1-2
Added Net: Name=NetD1_1
Added Pin To Net: NetName=NetD2_1 Pin=D2-1
Added Pin To Net: NetName=NetD2_1 Pin=R2-2
Added Net: Name=NetD2_1
Added Pin To Net: NetName=NetLM555_7 Pin=LM555-7
Added Pin To Net: NetName=NetLM555_7 Pin=R1Clk-2
Added Pin To Net: NetName=NetLM555_7 Pin=R2Clk-2
Added Net: Name=NetLM555_7
Added Pin To Net: NetName=nS Pin=74HC00-3
Added Pin To Net: NetName=nS Pin=74HC00-4
Added Pin To Net: NetName=nS Pin=74HC157-3
Added Pin To Net: NetName=nS Pin=74HC157-6
Added Net: Name=nS
Added Pin To Net: NetName=S Pin=74HC00-1
Added Pin To Net: NetName=S Pin=74HC00-2
Added Pin To Net: NetName=S Pin=INPUT-2
Added Net: Name=S
Added Pin To Net: NetName=VCC Pin=74HC00-14
Added Pin To Net: NetName=VCC Pin=74HC74-1
Added Pin To Net: NetName=VCC Pin=74HC74-4
Added Pin To Net: NetName=VCC Pin=74HC74-14
Added Pin To Net: NetName=VCC Pin=74HC107-1
Added Pin To Net: NetName=VCC Pin=74HC107-4
Added Pin To Net: NetName=VCC Pin=74HC107-13
Added Pin To Net: NetName=VCC Pin=74HC107-14
Added Pin To Net: NetName=VCC Pin=74HC157-16
Added Pin To Net: NetName=VCC Pin=CD1-1
Added Pin To Net: NetName=VCC Pin=CD2-1
Added Pin To Net: NetName=VCC Pin=CD3-1
Added Pin To Net: NetName=VCC Pin=CD4-1
Added Pin To Net: NetName=VCC Pin=LM555-4
Added Pin To Net: NetName=VCC Pin=LM555-8
Added Pin To Net: NetName=VCC Pin=POWER-2
Added Pin To Net: NetName=VCC Pin=R1Clk-1
Added Net: Name=VCC
Added Pin To Net: NetName=y Pin=74HC74-5
Added Pin To Net: NetName=y Pin=74HC107-12
Added Pin To Net: NetName=y Pin=74HC157-1
Added Net: Name=y
Added Class: Name=Esquematico
Added Room: Name=Esquematico
