Added Component: Designator=HV(SIP6)
Add component. Clean all parameters for all variants
Added Component: Designator=LV(SIP6)
Add component. Clean all parameters for all variants
Added Component: Designator=Q1(TO-226-AA)
Add component. Clean all parameters for all variants
Add component (AddParameter): Name = "Code_JEDEC"; Value = "TO-226-AA"; VariantName = "[No Variations]"
Add component (AddParameter): Name = "LatestRevisionDate"; Value = "17-Jul-2002"; VariantName = "[No Variations]"
Add component (AddParameter): Name = "LatestRevisionNote"; Value = "Re-released for DXP Platform."; VariantName = "[No Variations]"
Add component (AddParameter): Name = "PackageDescription"; Value = "TO, Flat Index; 3 In-Line, Axial Leads; Body Dia. 4.8mm; Leads 0.55 x 0.51 mm (max)"; VariantName = "[No Variations]"
Add component (AddParameter): Name = "PackageReference"; Value = "TO-226-AA"; VariantName = "[No Variations]"
Add component (AddParameter): Name = "Published"; Value = "8-Jun-2000"; VariantName = "[No Variations]"
Add component (AddParameter): Name = "Publisher"; Value = "Altium Limited"; VariantName = "[No Variations]"
Added Component: Designator=Q2(TO-226-AA)
Add component. Clean all parameters for all variants
Add component (AddParameter): Name = "Code_JEDEC"; Value = "TO-226-AA"; VariantName = "[No Variations]"
Add component (AddParameter): Name = "LatestRevisionDate"; Value = "17-Jul-2002"; VariantName = "[No Variations]"
Add component (AddParameter): Name = "LatestRevisionNote"; Value = "Re-released for DXP Platform."; VariantName = "[No Variations]"
Add component (AddParameter): Name = "PackageDescription"; Value = "TO, Flat Index; 3 In-Line, Axial Leads; Body Dia. 4.8mm; Leads 0.55 x 0.51 mm (max)"; VariantName = "[No Variations]"
Add component (AddParameter): Name = "PackageReference"; Value = "TO-226-AA"; VariantName = "[No Variations]"
Add component (AddParameter): Name = "Published"; Value = "8-Jun-2000"; VariantName = "[No Variations]"
Add component (AddParameter): Name = "Publisher"; Value = "Altium Limited"; VariantName = "[No Variations]"
Added Component: Designator=Q3(TO-226-AA)
Add component. Clean all parameters for all variants
Add component (AddParameter): Name = "Code_JEDEC"; Value = "TO-226-AA"; VariantName = "[No Variations]"
Add component (AddParameter): Name = "LatestRevisionDate"; Value = "17-Jul-2002"; VariantName = "[No Variations]"
Add component (AddParameter): Name = "LatestRevisionNote"; Value = "Re-released for DXP Platform."; VariantName = "[No Variations]"
Add component (AddParameter): Name = "PackageDescription"; Value = "TO, Flat Index; 3 In-Line, Axial Leads; Body Dia. 4.8mm; Leads 0.55 x 0.51 mm (max)"; VariantName = "[No Variations]"
Add component (AddParameter): Name = "PackageReference"; Value = "TO-226-AA"; VariantName = "[No Variations]"
Add component (AddParameter): Name = "Published"; Value = "8-Jun-2000"; VariantName = "[No Variations]"
Add component (AddParameter): Name = "Publisher"; Value = "Altium Limited"; VariantName = "[No Variations]"
Added Component: Designator=Q4(TO-226-AA)
Add component. Clean all parameters for all variants
Add component (AddParameter): Name = "Code_JEDEC"; Value = "TO-226-AA"; VariantName = "[No Variations]"
Add component (AddParameter): Name = "LatestRevisionDate"; Value = "17-Jul-2002"; VariantName = "[No Variations]"
Add component (AddParameter): Name = "LatestRevisionNote"; Value = "Re-released for DXP Platform."; VariantName = "[No Variations]"
Add component (AddParameter): Name = "PackageDescription"; Value = "TO, Flat Index; 3 In-Line, Axial Leads; Body Dia. 4.8mm; Leads 0.55 x 0.51 mm (max)"; VariantName = "[No Variations]"
Add component (AddParameter): Name = "PackageReference"; Value = "TO-226-AA"; VariantName = "[No Variations]"
Add component (AddParameter): Name = "Published"; Value = "8-Jun-2000"; VariantName = "[No Variations]"
Add component (AddParameter): Name = "Publisher"; Value = "Altium Limited"; VariantName = "[No Variations]"
Added Component: Designator=R1(RES400)
Add component. Clean all parameters for all variants
Added Component: Designator=R2(RES400)
Add component. Clean all parameters for all variants
Added Component: Designator=R3(RES400)
Add component. Clean all parameters for all variants
Added Component: Designator=R4(RES400)
Add component. Clean all parameters for all variants
Added Pin To Net: NetName=GND Pin=HV-3
Added Pin To Net: NetName=GND Pin=LV-3
Added Net: Name=GND
Added Pin To Net: NetName=HO1 Pin=HV-6
Added Pin To Net: NetName=HO1 Pin=Q1-1
Added Pin To Net: NetName=HO1 Pin=R1-1
Added Net: Name=HO1
Added Pin To Net: NetName=HO2 Pin=HV-5
Added Pin To Net: NetName=HO2 Pin=Q2-1
Added Pin To Net: NetName=HO2 Pin=R2-1
Added Net: Name=HO2
Added Pin To Net: NetName=HO3 Pin=HV-2
Added Pin To Net: NetName=HO3 Pin=Q3-1
Added Pin To Net: NetName=HO3 Pin=R3-1
Added Net: Name=HO3
Added Pin To Net: NetName=HO4 Pin=HV-1
Added Pin To Net: NetName=HO4 Pin=Q4-1
Added Pin To Net: NetName=HO4 Pin=R4-1
Added Net: Name=HO4
Added Pin To Net: NetName=HV Pin=HV-4
Added Pin To Net: NetName=HV Pin=R1-2
Added Pin To Net: NetName=HV Pin=R2-2
Added Pin To Net: NetName=HV Pin=R3-2
Added Pin To Net: NetName=HV Pin=R4-2
Added Net: Name=HV
Added Pin To Net: NetName=LI1 Pin=LV-6
Added Pin To Net: NetName=LI1 Pin=Q1-2
Added Net: Name=LI1
Added Pin To Net: NetName=LI2 Pin=LV-5
Added Pin To Net: NetName=LI2 Pin=Q2-2
Added Net: Name=LI2
Added Pin To Net: NetName=LI3 Pin=LV-2
Added Pin To Net: NetName=LI3 Pin=Q3-2
Added Net: Name=LI3
Added Pin To Net: NetName=LI4 Pin=LV-1
Added Pin To Net: NetName=LI4 Pin=Q4-2
Added Net: Name=LI4
Added Class: Name=Esquematico
Added Room: Name=Esquematico
