Added Component: Designator=AND1(N014)
Add component. Clean all parameters for all variants
Add component (AddParameter): Name = "ComponentLink1Description"; Value = "Manufacturer Link"; VariantName = "[No Variations]"
Add component (AddParameter): Name = "ComponentLink1URL"; Value = "http://www.ti.com/"; VariantName = "[No Variations]"
Add component (AddParameter): Name = "ComponentLink2Description"; Value = "Datasheet"; VariantName = "[No Variations]"
Add component (AddParameter): Name = "ComponentLink2URL"; Value = "http://www-s.ti.com/sc/ds/SN74HC08.pdf"; VariantName = "[No Variations]"
Add component (AddParameter): Name = "DatasheetVersion"; Value = "May-1997"; VariantName = "[No Variations]"
Add component (AddParameter): Name = "LatestRevisionDate"; Value = "04-Mar-2005"; VariantName = "[No Variations]"
Add component (AddParameter): Name = "LatestRevisionNote"; Value = "Stylized 3D Model Added."; VariantName = "[No Variations]"
Add component (AddParameter): Name = "PackageDescription"; Value = "DIP; 14 Leads; Row Spacing 7.62 mm; Pitch 2.54 mm"; VariantName = "[No Variations]"
Add component (AddParameter): Name = "PackageReference"; Value = "N014"; VariantName = "[No Variations]"
Add component (AddParameter): Name = "PackageVersion"; Value = "Oct-1995"; VariantName = "[No Variations]"
Add component (AddParameter): Name = "Published"; Value = "8-Jun-2000"; VariantName = "[No Variations]"
Add component (AddParameter): Name = "Publisher"; Value = "Altium Limited"; VariantName = "[No Variations]"
Added Component: Designator=AND2(N014)
Add component. Clean all parameters for all variants
Add component (AddParameter): Name = "ComponentLink1Description"; Value = "Manufacturer Link"; VariantName = "[No Variations]"
Add component (AddParameter): Name = "ComponentLink1URL"; Value = "http://www.ti.com/"; VariantName = "[No Variations]"
Add component (AddParameter): Name = "ComponentLink2Description"; Value = "Datasheet"; VariantName = "[No Variations]"
Add component (AddParameter): Name = "ComponentLink2URL"; Value = "http://www-s.ti.com/sc/ds/SN74HC08.pdf"; VariantName = "[No Variations]"
Add component (AddParameter): Name = "DatasheetVersion"; Value = "May-1997"; VariantName = "[No Variations]"
Add component (AddParameter): Name = "LatestRevisionDate"; Value = "04-Mar-2005"; VariantName = "[No Variations]"
Add component (AddParameter): Name = "LatestRevisionNote"; Value = "Stylized 3D Model Added."; VariantName = "[No Variations]"
Add component (AddParameter): Name = "PackageDescription"; Value = "DIP; 14 Leads; Row Spacing 7.62 mm; Pitch 2.54 mm"; VariantName = "[No Variations]"
Add component (AddParameter): Name = "PackageReference"; Value = "N014"; VariantName = "[No Variations]"
Add component (AddParameter): Name = "PackageVersion"; Value = "Oct-1995"; VariantName = "[No Variations]"
Add component (AddParameter): Name = "Published"; Value = "8-Jun-2000"; VariantName = "[No Variations]"
Add component (AddParameter): Name = "Publisher"; Value = "Altium Limited"; VariantName = "[No Variations]"
Added Component: Designator=CD1(RAD-0.3)
Add component. Clean all parameters for all variants
Add component (AddParameter): Name = "LatestRevisionDate"; Value = "17-Jul-2002"; VariantName = "[No Variations]"
Add component (AddParameter): Name = "LatestRevisionNote"; Value = "Re-released for DXP Platform."; VariantName = "[No Variations]"
Add component (AddParameter): Name = "PackageDescription"; Value = "Radial Cap, Thru-Hole; 2 Leads; 0.3 in Pin Spacing"; VariantName = "[No Variations]"
Add component (AddParameter): Name = "PackageReference"; Value = "RAD-0.3"; VariantName = "[No Variations]"
Add component (AddParameter): Name = "Published"; Value = "8-Jun-2000"; VariantName = "[No Variations]"
Add component (AddParameter): Name = "Publisher"; Value = "Altium Limited"; VariantName = "[No Variations]"
Add component (AddParameter): Name = "Value"; Value = "100pF"; VariantName = "[No Variations]"
Added Component: Designator=CD2(RAD-0.3)
Add component. Clean all parameters for all variants
Add component (AddParameter): Name = "LatestRevisionDate"; Value = "17-Jul-2002"; VariantName = "[No Variations]"
Add component (AddParameter): Name = "LatestRevisionNote"; Value = "Re-released for DXP Platform."; VariantName = "[No Variations]"
Add component (AddParameter): Name = "PackageDescription"; Value = "Radial Cap, Thru-Hole; 2 Leads; 0.3 in Pin Spacing"; VariantName = "[No Variations]"
Add component (AddParameter): Name = "PackageReference"; Value = "RAD-0.3"; VariantName = "[No Variations]"
Add component (AddParameter): Name = "Published"; Value = "8-Jun-2000"; VariantName = "[No Variations]"
Add component (AddParameter): Name = "Publisher"; Value = "Altium Limited"; VariantName = "[No Variations]"
Add component (AddParameter): Name = "Value"; Value = "100pF"; VariantName = "[No Variations]"
Added Component: Designator=CD3(RAD-0.3)
Add component. Clean all parameters for all variants
Add component (AddParameter): Name = "LatestRevisionDate"; Value = "17-Jul-2002"; VariantName = "[No Variations]"
Add component (AddParameter): Name = "LatestRevisionNote"; Value = "Re-released for DXP Platform."; VariantName = "[No Variations]"
Add component (AddParameter): Name = "PackageDescription"; Value = "Radial Cap, Thru-Hole; 2 Leads; 0.3 in Pin Spacing"; VariantName = "[No Variations]"
Add component (AddParameter): Name = "PackageReference"; Value = "RAD-0.3"; VariantName = "[No Variations]"
Add component (AddParameter): Name = "Published"; Value = "8-Jun-2000"; VariantName = "[No Variations]"
Add component (AddParameter): Name = "Publisher"; Value = "Altium Limited"; VariantName = "[No Variations]"
Add component (AddParameter): Name = "Value"; Value = "100pF"; VariantName = "[No Variations]"
Added Component: Designator=FF1(N014D)
Add component. Clean all parameters for all variants
Add component (AddParameter): Name = "ComponentLink1Description"; Value = "Manufacturer Link"; VariantName = "[No Variations]"
Add component (AddParameter): Name = "ComponentLink1URL"; Value = "http://www.ti.com/"; VariantName = "[No Variations]"
Add component (AddParameter): Name = "ComponentLink2Description"; Value = "Datasheet"; VariantName = "[No Variations]"
Add component (AddParameter): Name = "ComponentLink2URL"; Value = "http://www-s.ti.com/sc/ds/sn74ls74a.pdf"; VariantName = "[No Variations]"
Add component (AddParameter): Name = "DatasheetVersion"; Value = "Mar-1988"; VariantName = "[No Variations]"
Add component (AddParameter): Name = "LatestRevisionDate"; Value = "04-Mar-2005"; VariantName = "[No Variations]"
Add component (AddParameter): Name = "LatestRevisionNote"; Value = "Stylized 3D Model Added."; VariantName = "[No Variations]"
Add component (AddParameter): Name = "PackageDescription"; Value = "DIP; 14 Leads; Row Spacing 7.62 mm; Pitch 2.54 mm"; VariantName = "[No Variations]"
Add component (AddParameter): Name = "PackageReference"; Value = "N014D"; VariantName = "[No Variations]"
Add component (AddParameter): Name = "PackageVersion"; Value = "Oct-1995"; VariantName = "[No Variations]"
Add component (AddParameter): Name = "Published"; Value = "8-Jun-2000"; VariantName = "[No Variations]"
Add component (AddParameter): Name = "Publisher"; Value = "Altium Limited"; VariantName = "[No Variations]"
Added Component: Designator=FF2(N014D)
Add component. Clean all parameters for all variants
Add component (AddParameter): Name = "ComponentLink1Description"; Value = "Manufacturer Link"; VariantName = "[No Variations]"
Add component (AddParameter): Name = "ComponentLink1URL"; Value = "http://www.ti.com/"; VariantName = "[No Variations]"
Add component (AddParameter): Name = "ComponentLink2Description"; Value = "Datasheet"; VariantName = "[No Variations]"
Add component (AddParameter): Name = "ComponentLink2URL"; Value = "http://www-s.ti.com/sc/ds/sn74ls74a.pdf"; VariantName = "[No Variations]"
Add component (AddParameter): Name = "DatasheetVersion"; Value = "Mar-1988"; VariantName = "[No Variations]"
Add component (AddParameter): Name = "LatestRevisionDate"; Value = "04-Mar-2005"; VariantName = "[No Variations]"
Add component (AddParameter): Name = "LatestRevisionNote"; Value = "Stylized 3D Model Added."; VariantName = "[No Variations]"
Add component (AddParameter): Name = "PackageDescription"; Value = "DIP; 14 Leads; Row Spacing 7.62 mm; Pitch 2.54 mm"; VariantName = "[No Variations]"
Add component (AddParameter): Name = "PackageReference"; Value = "N014D"; VariantName = "[No Variations]"
Add component (AddParameter): Name = "PackageVersion"; Value = "Oct-1995"; VariantName = "[No Variations]"
Add component (AddParameter): Name = "Published"; Value = "8-Jun-2000"; VariantName = "[No Variations]"
Add component (AddParameter): Name = "Publisher"; Value = "Altium Limited"; VariantName = "[No Variations]"
Added Component: Designator=INPUTS1(SIP2)
Add component. Clean all parameters for all variants
Added Component: Designator=OR1(N014)
Add component. Clean all parameters for all variants
Add component (AddParameter): Name = "ComponentLink1Description"; Value = "Manufacturer Link"; VariantName = "[No Variations]"
Add component (AddParameter): Name = "ComponentLink1URL"; Value = "http://www.ti.com/"; VariantName = "[No Variations]"
Add component (AddParameter): Name = "ComponentLink2Description"; Value = "Datasheet"; VariantName = "[No Variations]"
Add component (AddParameter): Name = "ComponentLink2URL"; Value = "http://www-s.ti.com/sc/ds/sn74hc32.pdf"; VariantName = "[No Variations]"
Add component (AddParameter): Name = "DatasheetVersion"; Value = "May-1997"; VariantName = "[No Variations]"
Add component (AddParameter): Name = "LatestRevisionDate"; Value = "04-Mar-2005"; VariantName = "[No Variations]"
Add component (AddParameter): Name = "LatestRevisionNote"; Value = "Stylized 3D Model Added."; VariantName = "[No Variations]"
Add component (AddParameter): Name = "PackageDescription"; Value = "DIP; 14 Leads; Row Spacing 7.62 mm; Pitch 2.54 mm"; VariantName = "[No Variations]"
Add component (AddParameter): Name = "PackageReference"; Value = "N014"; VariantName = "[No Variations]"
Add component (AddParameter): Name = "PackageVersion"; Value = "Oct-1995"; VariantName = "[No Variations]"
Add component (AddParameter): Name = "Published"; Value = "8-Jun-2000"; VariantName = "[No Variations]"
Add component (AddParameter): Name = "Publisher"; Value = "Altium Limited"; VariantName = "[No Variations]"
Added Component: Designator=OUTPUTS1(SIP4)
Add component. Clean all parameters for all variants
Added Component: Designator=POWER1(MOLEX2)
Add component. Clean all parameters for all variants
Added Pin To Net: NetName=Clock Pin=FF1-3
Added Pin To Net: NetName=Clock Pin=FF1-11
Added Pin To Net: NetName=Clock Pin=FF2-3
Added Pin To Net: NetName=Clock Pin=INPUTS1-1
Added Net: Name=Clock
Added Pin To Net: NetName=GND Pin=AND1-7
Added Pin To Net: NetName=GND Pin=AND2-7
Added Pin To Net: NetName=GND Pin=CD1-1
Added Pin To Net: NetName=GND Pin=CD2-1
Added Pin To Net: NetName=GND Pin=CD3-1
Added Pin To Net: NetName=GND Pin=FF1-7
Added Pin To Net: NetName=GND Pin=FF2-7
Added Pin To Net: NetName=GND Pin=OR1-7
Added Pin To Net: NetName=GND Pin=POWER1-1
Added Net: Name=GND
Added Pin To Net: NetName=R1 Pin=AND1-3
Added Pin To Net: NetName=R1 Pin=AND1-9
Added Net: Name=R1
Added Pin To Net: NetName=R2 Pin=AND1-6
Added Pin To Net: NetName=R2 Pin=AND1-10
Added Pin To Net: NetName=R2 Pin=AND2-1
Added Net: Name=R2
Added Pin To Net: NetName=R3 Pin=AND1-5
Added Pin To Net: NetName=R3 Pin=OR1-3
Added Net: Name=R3
Added Pin To Net: NetName=R4 Pin=AND1-12
Added Pin To Net: NetName=R4 Pin=OR1-6
Added Net: Name=R4
Added Pin To Net: NetName=R5 Pin=AND1-11
Added Pin To Net: NetName=R5 Pin=AND2-2
Added Net: Name=R5
Added Pin To Net: NetName=R6 Pin=AND2-6
Added Pin To Net: NetName=R6 Pin=AND2-12
Added Net: Name=R6
Added Pin To Net: NetName=R7 Pin=AND2-8
Added Pin To Net: NetName=R7 Pin=AND2-13
Added Net: Name=R7
Added Pin To Net: NetName=VCC Pin=AND1-14
Added Pin To Net: NetName=VCC Pin=AND2-14
Added Pin To Net: NetName=VCC Pin=CD1-2
Added Pin To Net: NetName=VCC Pin=CD2-2
Added Pin To Net: NetName=VCC Pin=CD3-2
Added Pin To Net: NetName=VCC Pin=FF1-14
Added Pin To Net: NetName=VCC Pin=FF2-14
Added Pin To Net: NetName=VCC Pin=OR1-14
Added Pin To Net: NetName=VCC Pin=POWER1-2
Added Net: Name=VCC
Added Pin To Net: NetName=W Pin=AND1-1
Added Pin To Net: NetName=W Pin=AND1-4
Added Pin To Net: NetName=W Pin=AND2-5
Added Pin To Net: NetName=W Pin=INPUTS1-2
Added Pin To Net: NetName=W Pin=OR1-4
Added Net: Name=W
Added Pin To Net: NetName=y1neg Pin=AND2-9
Added Pin To Net: NetName=y1neg Pin=FF1-6
Added Net: Name=y1neg
Added Pin To Net: NetName=y1 Pin=AND1-8
Added Pin To Net: NetName=y1 Pin=FF1-2
Added Pin To Net: NetName=y1 Pin=FF1-5
Added Pin To Net: NetName=y1 Pin=OR1-1
Added Pin To Net: NetName=y1 Pin=OR1-5
Added Pin To Net: NetName=y1 Pin=OUTPUTS1-1
Added Net: Name=y1
Added Pin To Net: NetName=y2neg Pin=AND1-2
Added Pin To Net: NetName=y2neg Pin=FF1-8
Added Net: Name=y2neg
Added Pin To Net: NetName=Y2 Pin=AND1-13
Added Pin To Net: NetName=Y2 Pin=AND2-3
Added Pin To Net: NetName=Y2 Pin=AND2-4
Added Pin To Net: NetName=Y2 Pin=FF1-9
Added Pin To Net: NetName=Y2 Pin=FF1-12
Added Pin To Net: NetName=Y2 Pin=OUTPUTS1-2
Added Net: Name=Y2
Added Pin To Net: NetName=y3neg Pin=AND2-10
Added Pin To Net: NetName=y3neg Pin=FF2-6
Added Net: Name=y3neg
Added Pin To Net: NetName=y3 Pin=AND2-11
Added Pin To Net: NetName=y3 Pin=FF2-2
Added Pin To Net: NetName=y3 Pin=FF2-5
Added Pin To Net: NetName=y3 Pin=OR1-2
Added Pin To Net: NetName=y3 Pin=OUTPUTS1-3
Added Net: Name=y3
Added Pin To Net: NetName=Z Pin=OUTPUTS1-4
Added Net: Name=Z
Added Class: Name=Esquematico
Added Room: Name=Esquematico
